#
# There is insufficient memory for the Java Runtime Environment to continue.
# Native memory allocation (malloc) failed to allocate 32744 bytes for ChunkPool::allocate
# Possible reasons:
#   The system is out of physical RAM or swap space
#   In 32 bit mode, the process size limit was hit
# Possible solutions:
#   Reduce memory load on the system
#   Increase physical memory or swap space
#   Check if swap backing store is full
#   Use 64 bit Java on a 64 bit OS
#   Decrease Java heap size (-Xmx/-Xms)
#   Decrease number of Java threads
#   Decrease Java thread stack sizes (-Xss)
#   Set larger code cache with -XX:ReservedCodeCacheSize=
# This output file may be truncated or incomplete.
#
#  Out of Memory Error (allocation.cpp:273), pid=5012, tid=0x0000000000001578
#
# JRE version: OpenJDK Runtime Environment (8.0_152-b06) (build 1.8.0_152-release-1136-b06)
# Java VM: OpenJDK 64-Bit Server VM (25.152-b06 mixed mode windows-amd64 compressed oops)
# Failed to write core dump. Minidumps are not enabled by default on client versions of Windows
#

---------------  T H R E A D  ---------------

Current thread (0x0000000056154800):  JavaThread "C2 CompilerThread0" daemon [_thread_in_native, id=5496, stack(0x0000000057a20000,0x0000000057b20000)]

Stack: [0x0000000057a20000,0x0000000057b20000]
[error occurred during error reporting (printing stack bounds), id 0xc0000005]

Native frames: (J=compiled Java code, j=interpreted, Vv=VM code, C=native code)


Current CompileTask:
C2:   3114 1421   !   4       java.net.URLClassLoader$1::run (63 bytes)


---------------  P R O C E S S  ---------------

Java Threads: ( => current thread )
  0x000000005b408000 JavaThread "Cache worker for file hash cache (C:\Users\ACER\Downloads\AppEstudos-master\AppEstudos\.gradle\4.6\fileHashes)" [_thread_blocked, id=2928, stack(0x000000005c3d0000,0x000000005c4d0000)]
  0x0000000059856800 JavaThread "File lock request listener" [_thread_in_native, id=732, stack(0x000000005abd0000,0x000000005acd0000)]
  0x000000005974d800 JavaThread "Cache worker for file hash cache (C:\Users\ACER\.gradle\caches\4.6\fileHashes)" [_thread_blocked, id=4748, stack(0x000000005b2a0000,0x000000005b3a0000)]
  0x0000000059923800 JavaThread "Stdin handler" [_thread_blocked, id=5772, stack(0x000000005af00000,0x000000005b000000)]
  0x0000000059923000 JavaThread "Asynchronous log dispatcher for DefaultDaemonConnection: socket connection from /127.0.0.1:52408 to /127.0.0.1:52409" [_thread_blocked, id=4428, stack(0x000000005ad00000,0x000000005ae00000)]
  0x00000000598fb000 JavaThread "Daemon worker" [_thread_in_vm, id=5596, stack(0x000000005a2a0000,0x000000005a3a0000)]
  0x0000000059918000 JavaThread "Cancel handler" [_thread_blocked, id=5748, stack(0x000000005aab0000,0x000000005abb0000)]
  0x00000000596b7000 JavaThread "Handler for socket connection from /127.0.0.1:52408 to /127.0.0.1:52409" [_thread_in_native, id=4504, stack(0x000000005a6f0000,0x000000005a7f0000)]
  0x00000000598b2800 JavaThread "Daemon" [_thread_blocked, id=6004, stack(0x000000005a510000,0x000000005a610000)]
  0x00000000595d0000 JavaThread "Daemon periodic checks" [_thread_blocked, id=712, stack(0x000000005a3c0000,0x000000005a4c0000)]
  0x000000005969b800 JavaThread "Incoming local TCP Connector on port 52408" [_thread_in_native, id=5084, stack(0x000000005a1a0000,0x000000005a2a0000)]
  0x0000000057ed2000 JavaThread "Service Thread" daemon [_thread_blocked, id=3256, stack(0x0000000058300000,0x0000000058400000)]
  0x0000000056158000 JavaThread "C1 CompilerThread2" daemon [_thread_blocked, id=5604, stack(0x0000000057d60000,0x0000000057e60000)]
  0x0000000056157000 JavaThread "C2 CompilerThread1" daemon [_thread_in_native, id=5792, stack(0x0000000057b90000,0x0000000057c90000)]
=>0x0000000056154800 JavaThread "C2 CompilerThread0" daemon [_thread_in_native, id=5496, stack(0x0000000057a20000,0x0000000057b20000)]
  0x000000005615e800 JavaThread "Attach Listener" daemon [_thread_blocked, id=5192, stack(0x0000000057810000,0x0000000057910000)]
  0x000000005615d000 JavaThread "Signal Dispatcher" daemon [_thread_blocked, id=2080, stack(0x0000000057700000,0x0000000057800000)]
  0x000000005613b800 JavaThread "Finalizer" daemon [_thread_blocked, id=3312, stack(0x00000000574a0000,0x00000000575a0000)]
  0x00000000560f4800 JavaThread "Reference Handler" daemon [_thread_blocked, id=4468, stack(0x00000000572c0000,0x00000000573c0000)]
  0x0000000001f9e000 JavaThread "main" [_thread_blocked, id=2120, stack(0x0000000002000000,0x0000000002100000)]

Other Threads:
  0x00000000560e9000 VMThread [stack: 0x0000000057080000,0x0000000057180000] [id=944]
  0x0000000057ed3000 WatcherThread [stack: 0x0000000058440000,0x0000000058540000] [id=3004]

VM state:not at safepoint (normal execution)

VM Mutex/Monitor currently owned by a thread: None

Heap:
 PSYoungGen      total 52736K, used 38865K [0x00000000e0000000, 0x00000000e3700000, 0x0000000100000000)
  eden space 49152K, 71% used [0x00000000e0000000,0x00000000e227c770,0x00000000e3000000)
  from space 3584K, 99% used [0x00000000e3380000,0x00000000e36f8040,0x00000000e3700000)
  to   space 3584K, 0% used [0x00000000e3000000,0x00000000e3000000,0x00000000e3380000)
 ParOldGen       total 64512K, used 5396K [0x00000000a0000000, 0x00000000a3f00000, 0x00000000e0000000)
  object space 64512K, 8% used [0x00000000a0000000,0x00000000a0545308,0x00000000a3f00000)
 Metaspace       used 17506K, capacity 17922K, committed 18176K, reserved 1064960K
  class space    used 2536K, capacity 2691K, committed 2816K, reserved 1048576K

Card table byte_map: [0x0000000011850000,0x0000000011b60000] byte_map_base: 0x0000000011350000

Marking Bits: (ParMarkBitMap*) 0x000000006b405aa0
 Begin Bits: [0x0000000012460000, 0x0000000013c60000)
 End Bits:   [0x0000000013c60000, 0x0000000015460000)

Polling page: 0x0000000000210000

CodeCache: size=245760Kb used=5239Kb max_used=5239Kb free=240520Kb
 bounds [0x0000000002490000, 0x00000000029c0000, 0x0000000011490000]
 total_blobs=1905 nmethods=1518 adapters=300
 compilation: enabled

Compilation events (10 events):
Event: 3.091 Thread 0x0000000056158000 1522       3       java.io.FilterOutputStream::<init> (10 bytes)
Event: 3.091 Thread 0x0000000056158000 nmethod 1522 0x00000000029ae950 code [0x00000000029aeac0, 0x00000000029aecf0]
Event: 3.093 Thread 0x0000000056158000 1523       3       java.util.Hashtable$Enumerator::hasMoreElements (53 bytes)
Event: 3.093 Thread 0x0000000056158000 nmethod 1523 0x00000000029aedd0 code [0x00000000029aef40, 0x00000000029af210]
Event: 3.094 Thread 0x0000000056158000 1524       1       java.util.Hashtable::access$500 (5 bytes)
Event: 3.094 Thread 0x0000000056158000 nmethod 1524 0x00000000029af350 code [0x00000000029af4a0, 0x00000000029af590]
Event: 3.094 Thread 0x0000000056158000 1525       3       java.util.Hashtable$Enumerator::nextElement (111 bytes)
Event: 3.094 Thread 0x0000000056158000 nmethod 1525 0x00000000029af610 code [0x00000000029af7a0, 0x00000000029afc08]
Event: 3.094 Thread 0x0000000056158000 1526       1       java.util.Hashtable$Entry::getKey (5 bytes)
Event: 3.094 Thread 0x0000000056158000 nmethod 1526 0x00000000029afe10 code [0x00000000029aff60, 0x00000000029b0070]

GC Heap History (8 events):
Event: 0.869 GC heap before
{Heap before GC invocations=1 (full 0):
 PSYoungGen      total 28160K, used 24576K [0x00000000e0000000, 0x00000000e1f00000, 0x0000000100000000)
  eden space 24576K, 100% used [0x00000000e0000000,0x00000000e1800000,0x00000000e1800000)
  from space 3584K, 0% used [0x00000000e1b80000,0x00000000e1b80000,0x00000000e1f00000)
  to   space 3584K, 0% used [0x00000000e1800000,0x00000000e1800000,0x00000000e1b80000)
 ParOldGen       total 64512K, used 0K [0x00000000a0000000, 0x00000000a3f00000, 0x00000000e0000000)
  object space 64512K, 0% used [0x00000000a0000000,0x00000000a0000000,0x00000000a3f00000)
 Metaspace       used 6935K, capacity 7130K, committed 7424K, reserved 1056768K
  class space    used 846K, capacity 911K, committed 1024K, reserved 1048576K
Event: 0.876 GC heap after
Heap after GC invocations=1 (full 0):
 PSYoungGen      total 28160K, used 3565K [0x00000000e0000000, 0x00000000e1f00000, 0x0000000100000000)
  eden space 24576K, 0% used [0x00000000e0000000,0x00000000e0000000,0x00000000e1800000)
  from space 3584K, 99% used [0x00000000e1800000,0x00000000e1b7b580,0x00000000e1b80000)
  to   space 3584K, 0% used [0x00000000e1b80000,0x00000000e1b80000,0x00000000e1f00000)
 ParOldGen       total 64512K, used 546K [0x00000000a0000000, 0x00000000a3f00000, 0x00000000e0000000)
  object space 64512K, 0% used [0x00000000a0000000,0x00000000a0088b10,0x00000000a3f00000)
 Metaspace       used 6935K, capacity 7130K, committed 7424K, reserved 1056768K
  class space    used 846K, capacity 911K, committed 1024K, reserved 1048576K
}
Event: 1.187 GC heap before
{Heap before GC invocations=2 (full 0):
 PSYoungGen      total 28160K, used 28141K [0x00000000e0000000, 0x00000000e1f00000, 0x0000000100000000)
  eden space 24576K, 100% used [0x00000000e0000000,0x00000000e1800000,0x00000000e1800000)
  from space 3584K, 99% used [0x00000000e1800000,0x00000000e1b7b580,0x00000000e1b80000)
  to   space 3584K, 0% used [0x00000000e1b80000,0x00000000e1b80000,0x00000000e1f00000)
 ParOldGen       total 64512K, used 546K [0x00000000a0000000, 0x00000000a3f00000, 0x00000000e0000000)
  object space 64512K, 0% used [0x00000000a0000000,0x00000000a0088b10,0x00000000a3f00000)
 Metaspace       used 7262K, capacity 7444K, committed 7680K, reserved 1056768K
  class space    used 906K, capacity 952K, committed 1024K, reserved 1048576K
Event: 1.215 GC heap after
Heap after GC invocations=2 (full 0):
 PSYoungGen      total 28160K, used 2978K [0x00000000e0000000, 0x00000000e3700000, 0x0000000100000000)
  eden space 24576K, 0% used [0x00000000e0000000,0x00000000e0000000,0x00000000e1800000)
  from space 3584K, 83% used [0x00000000e1b80000,0x00000000e1e68848,0x00000000e1f00000)
  to   space 3584K, 0% used [0x00000000e1800000,0x00000000e1800000,0x00000000e1b80000)
 ParOldGen       total 64512K, used 546K [0x00000000a0000000, 0x00000000a3f00000, 0x00000000e0000000)
  object space 64512K, 0% used [0x00000000a0000000,0x00000000a0088b10,0x00000000a3f00000)
 Metaspace       used 7262K, capacity 7444K, committed 7680K, reserved 1056768K
  class space    used 906K, capacity 952K, committed 1024K, reserved 1048576K
}
Event: 2.079 GC heap before
{Heap before GC invocations=3 (full 0):
 PSYoungGen      total 28160K, used 27554K [0x00000000e0000000, 0x00000000e3700000, 0x0000000100000000)
  eden space 24576K, 100% used [0x00000000e0000000,0x00000000e1800000,0x00000000e1800000)
  from space 3584K, 83% used [0x00000000e1b80000,0x00000000e1e68848,0x00000000e1f00000)
  to   space 3584K, 0% used [0x00000000e1800000,0x00000000e1800000,0x00000000e1b80000)
 ParOldGen       total 64512K, used 546K [0x00000000a0000000, 0x00000000a3f00000, 0x00000000e0000000)
  object space 64512K, 0% used [0x00000000a0000000,0x00000000a0088b10,0x00000000a3f00000)
 Metaspace       used 12329K, capacity 12708K, committed 12800K, reserved 1060864K
  class space    used 1646K, capacity 1774K, committed 1792K, reserved 1048576K
Event: 2.087 GC heap after
Heap after GC invocations=3 (full 0):
 PSYoungGen      total 28160K, used 3568K [0x00000000e0000000, 0x00000000e3700000, 0x0000000100000000)
  eden space 24576K, 0% used [0x00000000e0000000,0x00000000e0000000,0x00000000e1800000)
  from space 3584K, 99% used [0x00000000e1800000,0x00000000e1b7c010,0x00000000e1b80000)
  to   space 3584K, 0% used [0x00000000e3380000,0x00000000e3380000,0x00000000e3700000)
 ParOldGen       total 64512K, used 2795K [0x00000000a0000000, 0x00000000a3f00000, 0x00000000e0000000)
  object space 64512K, 4% used [0x00000000a0000000,0x00000000a02badf0,0x00000000a3f00000)
 Metaspace       used 12329K, capacity 12708K, committed 12800K, reserved 1060864K
  class space    used 1646K, capacity 1774K, committed 1792K, reserved 1048576K
}
Event: 2.349 GC heap before
{Heap before GC invocations=4 (full 0):
 PSYoungGen      total 28160K, used 28144K [0x00000000e0000000, 0x00000000e3700000, 0x0000000100000000)
  eden space 24576K, 100% used [0x00000000e0000000,0x00000000e1800000,0x00000000e1800000)
  from space 3584K, 99% used [0x00000000e1800000,0x00000000e1b7c010,0x00000000e1b80000)
  to   space 3584K, 0% used [0x00000000e3380000,0x00000000e3380000,0x00000000e3700000)
 ParOldGen       total 64512K, used 2795K [0x00000000a0000000, 0x00000000a3f00000, 0x00000000e0000000)
  object space 64512K, 4% used [0x00000000a0000000,0x00000000a02badf0,0x00000000a3f00000)
 Metaspace       used 14172K, capacity 14600K, committed 14720K, reserved 1062912K
  class space    used 1986K, capacity 2128K, committed 2176K, reserved 1048576K
Event: 2.358 GC heap after
Heap after GC invocations=4 (full 0):
 PSYoungGen      total 52736K, used 3552K [0x00000000e0000000, 0x00000000e3700000, 0x0000000100000000)
  eden space 49152K, 0% used [0x00000000e0000000,0x00000000e0000000,0x00000000e3000000)
  from space 3584K, 99% used [0x00000000e3380000,0x00000000e36f8040,0x00000000e3700000)
  to   space 3584K, 0% used [0x00000000e3000000,0x00000000e3000000,0x00000000e3380000)
 ParOldGen       total 64512K, used 5396K [0x00000000a0000000, 0x00000000a3f00000, 0x00000000e0000000)
  object space 64512K, 8% used [0x00000000a0000000,0x00000000a0545308,0x00000000a3f00000)
 Metaspace       used 14172K, capacity 14600K, committed 14720K, reserved 1062912K
  class space    used 1986K, capacity 2128K, committed 2176K, reserved 1048576K
}

Deoptimization events (10 events):
Event: 2.256 Thread 0x00000000598fb000 Uncommon trap: reason=class_check action=maybe_recompile pc=0x000000000270344c method=java.util.regex.Matcher.match(II)Z @ 86
Event: 2.778 Thread 0x00000000598fb000 Uncommon trap: reason=unstable_if action=reinterpret pc=0x00000000025e4bc8 method=java.net.URI.match(CJJ)Z @ 19
Event: 2.778 Thread 0x00000000598fb000 Uncommon trap: reason=unstable_if action=reinterpret pc=0x0000000002737d70 method=java.net.URI.match(CJJ)Z @ 19
Event: 2.847 Thread 0x00000000598fb000 Uncommon trap: reason=unstable_if action=reinterpret pc=0x000000000272b184 method=java.io.File.getName()Ljava/lang/String; @ 16
Event: 2.958 Thread 0x00000000598fb000 Uncommon trap: reason=bimorphic action=maybe_recompile pc=0x000000000290107c method=java.lang.ClassLoader.loadClass(Ljava/lang/String;Z)Ljava/lang/Class; @ 38
Event: 2.968 Thread 0x00000000598fb000 Uncommon trap: reason=bimorphic action=maybe_recompile pc=0x000000000290107c method=java.lang.ClassLoader.loadClass(Ljava/lang/String;Z)Ljava/lang/Class; @ 38
Event: 2.969 Thread 0x00000000598fb000 Uncommon trap: reason=bimorphic action=maybe_recompile pc=0x000000000290107c method=java.lang.ClassLoader.loadClass(Ljava/lang/String;Z)Ljava/lang/Class; @ 38
Event: 2.970 Thread 0x00000000598fb000 Uncommon trap: reason=bimorphic action=maybe_recompile pc=0x000000000290107c method=java.lang.ClassLoader.loadClass(Ljava/lang/String;Z)Ljava/lang/Class; @ 38
Event: 2.993 Thread 0x00000000598fb000 Uncommon trap: reason=class_check action=maybe_recompile pc=0x0000000002692b5c method=sun.misc.URLClassPath$JarLoader.ensureOpen()V @ 31
Event: 2.996 Thread 0x00000000598fb000 Uncommon trap: reason=class_check action=maybe_recompile pc=0x0000000002692b5c method=sun.misc.URLClassPath$JarLoader.ensureOpen()V @ 31

Classes redefined (0 events):
No events

Internal exceptions (10 events):
Event: 2.993 Thread 0x00000000598fb000 Exception <a 'java/security/PrivilegedActionException'> (0x00000000e1f80b50) thrown at [D:\src\AOSP-openjdk-cygwin\jdk8u\hotspot\src\share\vm\prims\jvm.cpp, line 1390]
Event: 2.996 Thread 0x00000000598fb000 Exception <a 'java/util/zip/ZipException'> (0x00000000e1f839a8) thrown at [D:\src\AOSP-openjdk-cygwin\jdk8u\hotspot\src\share\vm\prims\jni.cpp, line 709]
Event: 2.996 Thread 0x00000000598fb000 Exception <a 'java/security/PrivilegedActionException'> (0x00000000e1f84168) thrown at [D:\src\AOSP-openjdk-cygwin\jdk8u\hotspot\src\share\vm\prims\jvm.cpp, line 1390]
Event: 2.996 Thread 0x00000000598fb000 Exception <a 'java/security/PrivilegedActionException'> (0x00000000e1f84748) thrown at [D:\src\AOSP-openjdk-cygwin\jdk8u\hotspot\src\share\vm\prims\jvm.cpp, line 1390]
Event: 3.046 Thread 0x00000000598fb000 Exception <a 'java/lang/NoSuchMethodError': <clinit>> (0x00000000e1fe0fc0) thrown at [D:\src\AOSP-openjdk-cygwin\jdk8u\hotspot\src\share\vm\prims\jni.cpp, line 1613]
Event: 3.048 Thread 0x00000000598fb000 Exception <a 'java/lang/NoSuchMethodError': <clinit>> (0x00000000e1feed18) thrown at [D:\src\AOSP-openjdk-cygwin\jdk8u\hotspot\src\share\vm\prims\jni.cpp, line 1613]
Event: 3.067 Thread 0x00000000598fb000 Exception <a 'java/lang/NoSuchMethodError': <clinit>> (0x00000000e20e71c8) thrown at [D:\src\AOSP-openjdk-cygwin\jdk8u\hotspot\src\share\vm\prims\jni.cpp, line 1613]
Event: 3.067 Thread 0x00000000598fb000 Exception <a 'java/lang/NoSuchMethodError': <clinit>> (0x00000000e20eafd0) thrown at [D:\src\AOSP-openjdk-cygwin\jdk8u\hotspot\src\share\vm\prims\jni.cpp, line 1613]
Event: 3.067 Thread 0x00000000598fb000 Exception <a 'java/lang/NoSuchMethodError': <clinit>> (0x00000000e20ecad8) thrown at [D:\src\AOSP-openjdk-cygwin\jdk8u\hotspot\src\share\vm\prims\jni.cpp, line 1613]
Event: 3.067 Thread 0x00000000598fb000 Exception <a 'java/lang/NoSuchMethodError': <clinit>> (0x00000000e20ee2a8) thrown at [D:\src\AOSP-openjdk-cygwin\jdk8u\hotspot\src\share\vm\prims\jni.cpp, line 1613]

Events (10 events):
Event: 3.107 loading class org/gradle/api/internal/artifacts/ArtifactPublicationServices
Event: 3.107 loading class org/gradle/api/internal/artifacts/ArtifactPublicationServices done
Event: 3.108 loading class org/gradle/api/internal/artifacts/query/ArtifactResolutionQueryFactory
Event: 3.108 loading class org/gradle/api/internal/artifacts/query/ArtifactResolutionQueryFactory done
Event: 3.108 loading class org/gradle/api/internal/tasks/TaskResolver
Event: 3.108 loading class org/gradle/api/internal/tasks/TaskResolver done
Event: 3.109 loading class org/gradle/api/artifacts/dsl/RepositoryHandler
Event: 3.109 loading class org/gradle/api/artifacts/dsl/RepositoryHandler done
Event: 3.109 loading class org/gradle/api/artifacts/ArtifactRepositoryContainer
Event: 3.109 loading class org/gradle/api/artifacts/ArtifactRepositoryContainer done


Dynamic libraries:
0x000000013f410000 - 0x000000013f441000 	C:\Program Files\Android\Android Studio\jre\bin\java.exe
0x0000000077220000 - 0x00000000773c9000 	C:\Windows\SYSTEM32\ntdll.dll
0x0000000077100000 - 0x000000007721f000 	C:\Windows\system32\kernel32.dll
0x000007fefd490000 - 0x000007fefd4fb000 	C:\Windows\system32\KERNELBASE.dll
0x000007fefe8c0000 - 0x000007fefe99b000 	C:\Windows\system32\ADVAPI32.dll
0x000007fefeff0000 - 0x000007feff08f000 	C:\Windows\system32\msvcrt.dll
0x000007feff170000 - 0x000007feff18f000 	C:\Windows\SYSTEM32\sechost.dll
0x000007fefec60000 - 0x000007fefed8d000 	C:\Windows\system32\RPCRT4.dll
0x0000000077000000 - 0x00000000770fa000 	C:\Windows\system32\USER32.dll
0x000007fefe520000 - 0x000007fefe587000 	C:\Windows\system32\GDI32.dll
0x000007feff210000 - 0x000007feff21e000 	C:\Windows\system32\LPK.dll
0x000007feff0a0000 - 0x000007feff169000 	C:\Windows\system32\USP10.dll
0x000007fefb830000 - 0x000007fefba24000 	C:\Windows\WinSxS\amd64_microsoft.windows.common-controls_6595b64144ccf1df_6.0.7601.17514_none_fa396087175ac9ac\COMCTL32.dll
0x000007fefebe0000 - 0x000007fefec51000 	C:\Windows\system32\SHLWAPI.dll
0x000007fefd540000 - 0x000007fefd56e000 	C:\Windows\system32\IMM32.DLL
0x000007fefe630000 - 0x000007fefe739000 	C:\Windows\system32\MSCTF.dll
0x000000006ab60000 - 0x000000006ac32000 	C:\Program Files\Android\Android Studio\jre\jre\bin\msvcr100.dll
0x000000006ac40000 - 0x000000006b481000 	C:\Program Files\Android\Android Studio\jre\jre\bin\server\jvm.dll
0x000007feefa70000 - 0x000007feefa79000 	C:\Windows\system32\WSOCK32.dll
0x000007fefd740000 - 0x000007fefd78d000 	C:\Windows\system32\WS2_32.dll
0x000007feff090000 - 0x000007feff098000 	C:\Windows\system32\NSI.dll
0x000007fef5620000 - 0x000007fef565b000 	C:\Windows\system32\WINMM.dll
0x000007fefc2d0000 - 0x000007fefc2dc000 	C:\Windows\system32\VERSION.dll
0x00000000773e0000 - 0x00000000773e7000 	C:\Windows\system32\PSAPI.DLL
0x000007fef5690000 - 0x000007fef569f000 	C:\Program Files\Android\Android Studio\jre\jre\bin\verify.dll
0x000007fef3fe0000 - 0x000007fef4009000 	C:\Program Files\Android\Android Studio\jre\jre\bin\java.dll
0x000007fef3f60000 - 0x000007fef3f76000 	C:\Program Files\Android\Android Studio\jre\jre\bin\zip.dll
0x000007fefd790000 - 0x000007fefe518000 	C:\Windows\system32\SHELL32.dll
0x000007feff320000 - 0x000007feff523000 	C:\Windows\system32\ole32.dll
0x000007fefd170000 - 0x000007fefd17f000 	C:\Windows\system32\profapi.dll
0x000007fef3eb0000 - 0x000007fef3eca000 	C:\Program Files\Android\Android Studio\jre\jre\bin\net.dll
0x000007fefc9e0000 - 0x000007fefca35000 	C:\Windows\system32\mswsock.dll
0x000007fefc9d0000 - 0x000007fefc9d7000 	C:\Windows\System32\wship6.dll
0x000007fef37a0000 - 0x000007fef37b1000 	C:\Program Files\Android\Android Studio\jre\jre\bin\nio.dll
0x000007fef3f90000 - 0x000007fef3fae000 	C:\Users\ACER\.gradle\native\25\windows-amd64\native-platform.dll
0x000007fef56a0000 - 0x000007fef56ad000 	C:\Program Files\Android\Android Studio\jre\jre\bin\management.dll
0x000007fefca40000 - 0x000007fefca57000 	C:\Windows\system32\CRYPTSP.dll
0x000007fefc740000 - 0x000007fefc787000 	C:\Windows\system32\rsaenh.dll
0x000007fefc4b0000 - 0x000007fefc4ce000 	C:\Windows\system32\USERENV.dll
0x000007fefd0a0000 - 0x000007fefd0af000 	C:\Windows\system32\CRYPTBASE.dll
0x000007fefa760000 - 0x000007fefa787000 	C:\Windows\system32\IPHLPAPI.DLL
0x000007fefa750000 - 0x000007fefa75b000 	C:\Windows\system32\WINNSI.DLL
0x000007fefa560000 - 0x000007fefa578000 	C:\Windows\system32\dhcpcsvc.DLL
0x000007fefa540000 - 0x000007fefa551000 	C:\Windows\system32\dhcpcsvc6.DLL

VM Arguments:
jvm_args: -Xmx1536m -Dfile.encoding=windows-1252 -Duser.country=BR -Duser.language=pt -Duser.variant 
java_command: org.gradle.launcher.daemon.bootstrap.GradleDaemon 4.6
java_class_path (initial): C:\Users\ACER\.gradle\wrapper\dists\gradle-4.6-all\bcst21l2brirad8k2ben1letg\gradle-4.6\lib\gradle-launcher-4.6.jar
Launcher Type: SUN_STANDARD

Environment Variables:
PATH=C:\Program Files (x86)\Falcon\MinGW\bin;C:\Windows\system32;C:\Windows;C:\Windows\System32\Wbem;C:\Windows\System32\WindowsPowerShell\v1.0\;C:\Program Files\Git\cmd
USERNAME=ACER
OS=Windows_NT
PROCESSOR_IDENTIFIER=Intel64 Family 6 Model 58 Stepping 9, GenuineIntel



---------------  S Y S T E M  ---------------

OS: Windows 7 , 64 bit Build 7601 (6.1.7601.17514)

CPU:total 4 (initial active 4) (2 cores per cpu, 2 threads per core) family 6 model 58 stepping 9, cmov, cx8, fxsr, mmx, sse, sse2, sse3, ssse3, sse4.1, sse4.2, popcnt, avx, aes, clmul, erms, ht, tsc, tscinvbit, tscinv

Memory: 4k page, physical 6104428k(587860k free), swap 6522420k(6020k free)

vm_info: OpenJDK 64-Bit Server VM (25.152-b06) for windows-amd64 JRE (1.8.0_152-release-1136-b06), built by "builder" with MS VC++ 10.0 (VS2010)

time: Sun Feb 03 11:27:55 2019
elapsed time: 3 seconds (0d 0h 0m 3s)

