#
# There is insufficient memory for the Java Runtime Environment to continue.
# Native memory allocation (malloc) failed to allocate 32744 bytes for ChunkPool::allocate
# Possible reasons:
#   The system is out of physical RAM or swap space
#   In 32 bit mode, the process size limit was hit
# Possible solutions:
#   Reduce memory load on the system
#   Increase physical memory or swap space
#   Check if swap backing store is full
#   Use 64 bit Java on a 64 bit OS
#   Decrease Java heap size (-Xmx/-Xms)
#   Decrease number of Java threads
#   Decrease Java thread stack sizes (-Xss)
#   Set larger code cache with -XX:ReservedCodeCacheSize=
# This output file may be truncated or incomplete.
#
#  Out of Memory Error (allocation.cpp:273), pid=5372, tid=0x0000000000000dcc
#
# JRE version: OpenJDK Runtime Environment (8.0_152-b06) (build 1.8.0_152-release-1136-b06)
# Java VM: OpenJDK 64-Bit Server VM (25.152-b06 mixed mode windows-amd64 compressed oops)
# Failed to write core dump. Minidumps are not enabled by default on client versions of Windows
#

---------------  T H R E A D  ---------------

Current thread (0x0000000055fe6800):  JavaThread "C2 CompilerThread0" daemon [_thread_in_native, id=3532, stack(0x0000000057c00000,0x0000000057d00000)]

Stack: [0x0000000057c00000,0x0000000057d00000]
[error occurred during error reporting (printing stack bounds), id 0xc0000005]

Native frames: (J=compiled Java code, j=interpreted, Vv=VM code, C=native code)


Current CompileTask:
C2:   3595 1410   !   4       java.net.URLClassLoader$1::run (63 bytes)


---------------  P R O C E S S  ---------------

Java Threads: ( => current thread )
  0x000000005b4b1800 JavaThread "Cache worker for file hash cache (C:\Users\ACER\Downloads\AppEstudos-master\AppEstudos\.gradle\4.6\fileHashes)" [_thread_blocked, id=5204, stack(0x000000005a340000,0x000000005a440000)]
  0x0000000059552800 JavaThread "File lock request listener" [_thread_in_native, id=5200, stack(0x000000005b160000,0x000000005b260000)]
  0x000000005967f000 JavaThread "Cache worker for file hash cache (C:\Users\ACER\.gradle\caches\4.6\fileHashes)" [_thread_blocked, id=4088, stack(0x000000005afb0000,0x000000005b0b0000)]
  0x0000000059480000 JavaThread "Stdin handler" [_thread_blocked, id=3780, stack(0x000000005ab80000,0x000000005ac80000)]
  0x000000005947e800 JavaThread "Asynchronous log dispatcher for DefaultDaemonConnection: socket connection from /127.0.0.1:52400 to /127.0.0.1:52401" [_thread_blocked, id=5756, stack(0x000000005a7f0000,0x000000005a8f0000)]
  0x000000005947b800 JavaThread "Daemon worker" [_thread_in_vm, id=2820, stack(0x000000005aa30000,0x000000005ab30000)]
  0x0000000059482000 JavaThread "Cancel handler" [_thread_blocked, id=3820, stack(0x000000005a900000,0x000000005aa00000)]
  0x0000000059171000 JavaThread "Handler for socket connection from /127.0.0.1:52400 to /127.0.0.1:52401" [_thread_in_native, id=3784, stack(0x000000005a480000,0x000000005a580000)]
  0x0000000059170000 JavaThread "Daemon" [_thread_blocked, id=4152, stack(0x000000005a220000,0x000000005a320000)]
  0x000000005915d000 JavaThread "Daemon periodic checks" [_thread_blocked, id=1908, stack(0x000000005a040000,0x000000005a140000)]
  0x0000000059442800 JavaThread "Incoming local TCP Connector on port 52400" [_thread_in_native, id=5152, stack(0x0000000059e60000,0x0000000059f60000)]
  0x0000000057438000 JavaThread "Service Thread" daemon [_thread_blocked, id=5972, stack(0x0000000057d90000,0x0000000057e90000)]
  0x0000000055fe8000 JavaThread "C1 CompilerThread2" daemon [_thread_blocked, id=5292, stack(0x0000000057ea0000,0x0000000057fa0000)]
  0x00000000573cb800 JavaThread "C2 CompilerThread1" daemon [_thread_in_native, id=5280, stack(0x00000000577c0000,0x00000000578c0000)]
=>0x0000000055fe6800 JavaThread "C2 CompilerThread0" daemon [_thread_in_native, id=3532, stack(0x0000000057c00000,0x0000000057d00000)]
  0x0000000055fe5000 JavaThread "Attach Listener" daemon [_thread_blocked, id=4532, stack(0x0000000057a30000,0x0000000057b30000)]
  0x0000000055fe4000 JavaThread "Signal Dispatcher" daemon [_thread_blocked, id=4176, stack(0x0000000057920000,0x0000000057a20000)]
  0x0000000055fcb000 JavaThread "Finalizer" daemon [_thread_blocked, id=1084, stack(0x00000000572c0000,0x00000000573c0000)]
  0x0000000055f84000 JavaThread "Reference Handler" daemon [_thread_blocked, id=3796, stack(0x0000000057190000,0x0000000057290000)]
  0x0000000001d7e000 JavaThread "main" [_thread_blocked, id=5276, stack(0x0000000002160000,0x0000000002260000)]

Other Threads:
  0x0000000055f7d000 VMThread [stack: 0x0000000056f00000,0x0000000057000000] [id=3196]
  0x0000000055fef000 WatcherThread [stack: 0x0000000058180000,0x0000000058280000] [id=4556]

VM state:not at safepoint (normal execution)

VM Mutex/Monitor currently owned by a thread: None

Heap:
 PSYoungGen      total 28160K, used 10834K [0x00000000e0000000, 0x00000000e4000000, 0x0000000100000000)
  eden space 24576K, 29% used [0x00000000e0000000,0x00000000e071c9e8,0x00000000e1800000)
  from space 3584K, 99% used [0x00000000e1800000,0x00000000e1b78040,0x00000000e1b80000)
  to   space 8192K, 0% used [0x00000000e3800000,0x00000000e3800000,0x00000000e4000000)
 ParOldGen       total 64512K, used 8451K [0x00000000a0000000, 0x00000000a3f00000, 0x00000000e0000000)
  object space 64512K, 13% used [0x00000000a0000000,0x00000000a0840e30,0x00000000a3f00000)
 Metaspace       used 17222K, capacity 17692K, committed 17792K, reserved 1064960K
  class space    used 2493K, capacity 2619K, committed 2688K, reserved 1048576K

Card table byte_map: [0x00000000118f0000,0x0000000011c00000] byte_map_base: 0x00000000113f0000

Marking Bits: (ParMarkBitMap*) 0x000000006b405aa0
 Begin Bits: [0x00000000122f0000, 0x0000000013af0000)
 End Bits:   [0x0000000013af0000, 0x00000000152f0000)

Polling page: 0x0000000000110000

CodeCache: size=245760Kb used=5112Kb max_used=5112Kb free=240647Kb
 bounds [0x0000000002530000, 0x0000000002a40000, 0x0000000011530000]
 total_blobs=1863 nmethods=1484 adapters=292
 compilation: enabled

Compilation events (10 events):
Event: 3.553 Thread 0x0000000055fe8000 1488       3       sun.nio.fs.WindowsPathParser::isSlash (18 bytes)
Event: 3.553 Thread 0x0000000055fe8000 nmethod 1488 0x0000000002a2a750 code [0x0000000002a2a8a0, 0x0000000002a2aa70]
Event: 3.554 Thread 0x0000000055fe8000 1489       3       sun.nio.fs.WindowsPathParser::isInvalidPathChar (22 bytes)
Event: 3.555 Thread 0x0000000055fe8000 nmethod 1489 0x0000000002a2aad0 code [0x0000000002a2ac40, 0x0000000002a2afa8]
Event: 3.558 Thread 0x0000000055fe8000 1490       3       java.util.concurrent.locks.AbstractQueuedSynchronizer::setState (6 bytes)
Event: 3.558 Thread 0x0000000055fe8000 nmethod 1490 0x0000000002a2b090 code [0x0000000002a2b1e0, 0x0000000002a2b330]
Event: 3.573 Thread 0x0000000055fe8000 1491   !   3       java.util.concurrent.ConcurrentHashMap::transfer (832 bytes)
Event: 3.577 Thread 0x0000000055fe8000 nmethod 1491 0x0000000002a2b390 code [0x0000000002a2b700, 0x0000000002a2dcd8]
Event: 3.579 Thread 0x0000000055fe8000 1492       3       java.lang.ReflectiveOperationException::<init> (6 bytes)
Event: 3.580 Thread 0x0000000055fe8000 nmethod 1492 0x0000000002a2fdd0 code [0x0000000002a2ff40, 0x0000000002a30128]

GC Heap History (10 events):
Event: 1.048 GC heap before
{Heap before GC invocations=1 (full 0):
 PSYoungGen      total 28160K, used 24576K [0x00000000e0000000, 0x00000000e1f00000, 0x0000000100000000)
  eden space 24576K, 100% used [0x00000000e0000000,0x00000000e1800000,0x00000000e1800000)
  from space 3584K, 0% used [0x00000000e1b80000,0x00000000e1b80000,0x00000000e1f00000)
  to   space 3584K, 0% used [0x00000000e1800000,0x00000000e1800000,0x00000000e1b80000)
 ParOldGen       total 64512K, used 0K [0x00000000a0000000, 0x00000000a3f00000, 0x00000000e0000000)
  object space 64512K, 0% used [0x00000000a0000000,0x00000000a0000000,0x00000000a3f00000)
 Metaspace       used 6926K, capacity 7130K, committed 7424K, reserved 1056768K
  class space    used 846K, capacity 911K, committed 1024K, reserved 1048576K
Event: 1.057 GC heap after
Heap after GC invocations=1 (full 0):
 PSYoungGen      total 28160K, used 3559K [0x00000000e0000000, 0x00000000e1f00000, 0x0000000100000000)
  eden space 24576K, 0% used [0x00000000e0000000,0x00000000e0000000,0x00000000e1800000)
  from space 3584K, 99% used [0x00000000e1800000,0x00000000e1b79ee8,0x00000000e1b80000)
  to   space 3584K, 0% used [0x00000000e1b80000,0x00000000e1b80000,0x00000000e1f00000)
 ParOldGen       total 64512K, used 544K [0x00000000a0000000, 0x00000000a3f00000, 0x00000000e0000000)
  object space 64512K, 0% used [0x00000000a0000000,0x00000000a0088008,0x00000000a3f00000)
 Metaspace       used 6926K, capacity 7130K, committed 7424K, reserved 1056768K
  class space    used 846K, capacity 911K, committed 1024K, reserved 1048576K
}
Event: 1.517 GC heap before
{Heap before GC invocations=2 (full 0):
 PSYoungGen      total 28160K, used 28135K [0x00000000e0000000, 0x00000000e1f00000, 0x0000000100000000)
  eden space 24576K, 100% used [0x00000000e0000000,0x00000000e1800000,0x00000000e1800000)
  from space 3584K, 99% used [0x00000000e1800000,0x00000000e1b79ee8,0x00000000e1b80000)
  to   space 3584K, 0% used [0x00000000e1b80000,0x00000000e1b80000,0x00000000e1f00000)
 ParOldGen       total 64512K, used 544K [0x00000000a0000000, 0x00000000a3f00000, 0x00000000e0000000)
  object space 64512K, 0% used [0x00000000a0000000,0x00000000a0088008,0x00000000a3f00000)
 Metaspace       used 7259K, capacity 7444K, committed 7680K, reserved 1056768K
  class space    used 906K, capacity 952K, committed 1024K, reserved 1048576K
Event: 1.521 GC heap after
Heap after GC invocations=2 (full 0):
 PSYoungGen      total 28160K, used 2965K [0x00000000e0000000, 0x00000000e1f00000, 0x0000000100000000)
  eden space 24576K, 0% used [0x00000000e0000000,0x00000000e0000000,0x00000000e1800000)
  from space 3584K, 82% used [0x00000000e1b80000,0x00000000e1e65638,0x00000000e1f00000)
  to   space 3584K, 0% used [0x00000000e1800000,0x00000000e1800000,0x00000000e1b80000)
 ParOldGen       total 64512K, used 552K [0x00000000a0000000, 0x00000000a3f00000, 0x00000000e0000000)
  object space 64512K, 0% used [0x00000000a0000000,0x00000000a008a008,0x00000000a3f00000)
 Metaspace       used 7259K, capacity 7444K, committed 7680K, reserved 1056768K
  class space    used 906K, capacity 952K, committed 1024K, reserved 1048576K
}
Event: 2.509 GC heap before
{Heap before GC invocations=3 (full 0):
 PSYoungGen      total 28160K, used 27541K [0x00000000e0000000, 0x00000000e1f00000, 0x0000000100000000)
  eden space 24576K, 100% used [0x00000000e0000000,0x00000000e1800000,0x00000000e1800000)
  from space 3584K, 82% used [0x00000000e1b80000,0x00000000e1e65638,0x00000000e1f00000)
  to   space 3584K, 0% used [0x00000000e1800000,0x00000000e1800000,0x00000000e1b80000)
 ParOldGen       total 64512K, used 552K [0x00000000a0000000, 0x00000000a3f00000, 0x00000000e0000000)
  object space 64512K, 0% used [0x00000000a0000000,0x00000000a008a008,0x00000000a3f00000)
 Metaspace       used 12342K, capacity 12708K, committed 12800K, reserved 1060864K
  class space    used 1646K, capacity 1774K, committed 1792K, reserved 1048576K
Event: 2.515 GC heap after
Heap after GC invocations=3 (full 0):
 PSYoungGen      total 28160K, used 3568K [0x00000000e0000000, 0x00000000e1f00000, 0x0000000100000000)
  eden space 24576K, 0% used [0x00000000e0000000,0x00000000e0000000,0x00000000e1800000)
  from space 3584K, 99% used [0x00000000e1800000,0x00000000e1b7c010,0x00000000e1b80000)
  to   space 3584K, 0% used [0x00000000e1b80000,0x00000000e1b80000,0x00000000e1f00000)
 ParOldGen       total 64512K, used 2776K [0x00000000a0000000, 0x00000000a3f00000, 0x00000000e0000000)
  object space 64512K, 4% used [0x00000000a0000000,0x00000000a02b6188,0x00000000a3f00000)
 Metaspace       used 12342K, capacity 12708K, committed 12800K, reserved 1060864K
  class space    used 1646K, capacity 1774K, committed 1792K, reserved 1048576K
}
Event: 2.855 GC heap before
{Heap before GC invocations=4 (full 0):
 PSYoungGen      total 28160K, used 28144K [0x00000000e0000000, 0x00000000e1f00000, 0x0000000100000000)
  eden space 24576K, 100% used [0x00000000e0000000,0x00000000e1800000,0x00000000e1800000)
  from space 3584K, 99% used [0x00000000e1800000,0x00000000e1b7c010,0x00000000e1b80000)
  to   space 3584K, 0% used [0x00000000e1b80000,0x00000000e1b80000,0x00000000e1f00000)
 ParOldGen       total 64512K, used 2776K [0x00000000a0000000, 0x00000000a3f00000, 0x00000000e0000000)
  object space 64512K, 4% used [0x00000000a0000000,0x00000000a02b6188,0x00000000a3f00000)
 Metaspace       used 14188K, capacity 14600K, committed 14720K, reserved 1062912K
  class space    used 1986K, capacity 2128K, committed 2176K, reserved 1048576K
Event: 2.865 GC heap after
Heap after GC invocations=4 (full 0):
 PSYoungGen      total 28160K, used 3552K [0x00000000e0000000, 0x00000000e3700000, 0x0000000100000000)
  eden space 24576K, 0% used [0x00000000e0000000,0x00000000e0000000,0x00000000e1800000)
  from space 3584K, 99% used [0x00000000e1b80000,0x00000000e1ef8040,0x00000000e1f00000)
  to   space 3584K, 0% used [0x00000000e1800000,0x00000000e1800000,0x00000000e1b80000)
 ParOldGen       total 64512K, used 5400K [0x00000000a0000000, 0x00000000a3f00000, 0x00000000e0000000)
  object space 64512K, 8% used [0x00000000a0000000,0x00000000a0546128,0x00000000a3f00000)
 Metaspace       used 14188K, capacity 14600K, committed 14720K, reserved 1062912K
  class space    used 1986K, capacity 2128K, committed 2176K, reserved 1048576K
}
Event: 3.382 GC heap before
{Heap before GC invocations=5 (full 0):
 PSYoungGen      total 28160K, used 28128K [0x00000000e0000000, 0x00000000e3700000, 0x0000000100000000)
  eden space 24576K, 100% used [0x00000000e0000000,0x00000000e1800000,0x00000000e1800000)
  from space 3584K, 99% used [0x00000000e1b80000,0x00000000e1ef8040,0x00000000e1f00000)
  to   space 3584K, 0% used [0x00000000e1800000,0x00000000e1800000,0x00000000e1b80000)
 ParOldGen       total 64512K, used 5400K [0x00000000a0000000, 0x00000000a3f00000, 0x00000000e0000000)
  object space 64512K, 8% used [0x00000000a0000000,0x00000000a0546128,0x00000000a3f00000)
 Metaspace       used 16597K, capacity 17032K, committed 17152K, reserved 1064960K
  class space    used 2381K, capacity 2512K, committed 2560K, reserved 1048576K
Event: 3.418 GC heap after
Heap after GC invocations=5 (full 0):
 PSYoungGen      total 28160K, used 3552K [0x00000000e0000000, 0x00000000e4000000, 0x0000000100000000)
  eden space 24576K, 0% used [0x00000000e0000000,0x00000000e0000000,0x00000000e1800000)
  from space 3584K, 99% used [0x00000000e1800000,0x00000000e1b78040,0x00000000e1b80000)
  to   space 8192K, 0% used [0x00000000e3800000,0x00000000e3800000,0x00000000e4000000)
 ParOldGen       total 64512K, used 8451K [0x00000000a0000000, 0x00000000a3f00000, 0x00000000e0000000)
  object space 64512K, 13% used [0x00000000a0000000,0x00000000a0840e30,0x00000000a3f00000)
 Metaspace       used 16597K, capacity 17032K, committed 17152K, reserved 1064960K
  class space    used 2381K, capacity 2512K, committed 2560K, reserved 1048576K
}

Deoptimization events (10 events):
Event: 2.726 Thread 0x000000005947b800 Uncommon trap: reason=class_check action=maybe_recompile pc=0x00000000027a9b8c method=java.util.regex.Matcher.match(II)Z @ 86
Event: 2.726 Thread 0x000000005947b800 Uncommon trap: reason=class_check action=maybe_recompile pc=0x00000000027a9b8c method=java.util.regex.Matcher.match(II)Z @ 86
Event: 2.892 Thread 0x000000005947b800 Uncommon trap: reason=unstable_if action=reinterpret pc=0x000000000298d5b4 method=java.lang.String.lastIndexOf([CII[CIII)I @ 66
Event: 3.334 Thread 0x000000005947b800 Uncommon trap: reason=unstable_if action=reinterpret pc=0x0000000002686288 method=java.net.URI.match(CJJ)Z @ 19
Event: 3.335 Thread 0x000000005947b800 Uncommon trap: reason=unstable_if action=reinterpret pc=0x00000000027d8970 method=java.net.URI.match(CJJ)Z @ 19
Event: 3.434 Thread 0x000000005947b800 Uncommon trap: reason=unstable_if action=reinterpret pc=0x00000000027d48c4 method=java.io.File.getName()Ljava/lang/String; @ 16
Event: 3.561 Thread 0x000000005947b800 Uncommon trap: reason=bimorphic action=maybe_recompile pc=0x00000000029a41c0 method=java.lang.ClassLoader.loadClass(Ljava/lang/String;Z)Ljava/lang/Class; @ 38
Event: 3.572 Thread 0x000000005947b800 Uncommon trap: reason=bimorphic action=maybe_recompile pc=0x00000000029a41c0 method=java.lang.ClassLoader.loadClass(Ljava/lang/String;Z)Ljava/lang/Class; @ 38
Event: 3.572 Thread 0x000000005947b800 Uncommon trap: reason=bimorphic action=maybe_recompile pc=0x00000000029a41c0 method=java.lang.ClassLoader.loadClass(Ljava/lang/String;Z)Ljava/lang/Class; @ 38
Event: 3.573 Thread 0x000000005947b800 Uncommon trap: reason=bimorphic action=maybe_recompile pc=0x00000000029a41c0 method=java.lang.ClassLoader.loadClass(Ljava/lang/String;Z)Ljava/lang/Class; @ 38

Classes redefined (0 events):
No events

Internal exceptions (10 events):
Event: 2.399 Thread 0x0000000059171000 Exception <a 'java/lang/NoSuchMethodError': <clinit>> (0x00000000e1374570) thrown at [D:\src\AOSP-openjdk-cygwin\jdk8u\hotspot\src\share\vm\prims\jni.cpp, line 1613]
Event: 2.402 Thread 0x0000000059171000 Exception <a 'java/lang/NoSuchMethodError': <clinit>> (0x00000000e137fe00) thrown at [D:\src\AOSP-openjdk-cygwin\jdk8u\hotspot\src\share\vm\prims\jni.cpp, line 1613]
Event: 2.407 Thread 0x0000000059171000 Exception <a 'java/lang/NoSuchMethodError': <clinit>> (0x00000000e13a0f20) thrown at [D:\src\AOSP-openjdk-cygwin\jdk8u\hotspot\src\share\vm\prims\jni.cpp, line 1613]
Event: 2.432 Thread 0x000000005947b800 Exception <a 'java/lang/NoSuchMethodError': <clinit>> (0x00000000e1473060) thrown at [D:\src\AOSP-openjdk-cygwin\jdk8u\hotspot\src\share\vm\prims\jni.cpp, line 1613]
Event: 2.433 Thread 0x000000005947b800 Exception <a 'java/lang/NoSuchMethodError': <clinit>> (0x00000000e147b2e8) thrown at [D:\src\AOSP-openjdk-cygwin\jdk8u\hotspot\src\share\vm\prims\jni.cpp, line 1613]
Event: 3.464 Thread 0x000000005947b800 Exception <a 'java/lang/NoSuchMethodError': <clinit>> (0x00000000e02529f0) thrown at [D:\src\AOSP-openjdk-cygwin\jdk8u\hotspot\src\share\vm\prims\jni.cpp, line 1613]
Event: 3.465 Thread 0x000000005947b800 Exception <a 'java/lang/NoSuchMethodError': <clinit>> (0x00000000e0255390) thrown at [D:\src\AOSP-openjdk-cygwin\jdk8u\hotspot\src\share\vm\prims\jni.cpp, line 1613]
Event: 3.466 Thread 0x000000005947b800 Exception <a 'java/lang/NoSuchMethodError': <clinit>> (0x00000000e0262980) thrown at [D:\src\AOSP-openjdk-cygwin\jdk8u\hotspot\src\share\vm\prims\jni.cpp, line 1613]
Event: 3.467 Thread 0x000000005947b800 Exception <a 'java/lang/NoSuchMethodError': <clinit>> (0x00000000e026e110) thrown at [D:\src\AOSP-openjdk-cygwin\jdk8u\hotspot\src\share\vm\prims\jni.cpp, line 1613]
Event: 3.580 Thread 0x000000005947b800 Exception <a 'java/lang/NoSuchMethodError': <clinit>> (0x00000000e06e3be0) thrown at [D:\src\AOSP-openjdk-cygwin\jdk8u\hotspot\src\share\vm\prims\jni.cpp, line 1613]

Events (10 events):
Event: 3.578 loading class org/gradle/tooling/BuildAction
Event: 3.578 loading class org/gradle/tooling/BuildAction done
Event: 3.578 loading class org/gradle/tooling/internal/consumer/versioning/VersionDetails
Event: 3.578 loading class org/gradle/tooling/internal/consumer/versioning/VersionDetails done
Event: 3.579 loading class org/gradle/tooling/internal/protocol/InternalBuildController
Event: 3.579 loading class org/gradle/tooling/internal/protocol/InternalBuildController done
Event: 3.579 loading class org/gradle/tooling/internal/protocol/InternalBuildControllerVersion2
Event: 3.579 loading class org/gradle/tooling/internal/protocol/InternalBuildControllerVersion2 done
Event: 3.580 loading class com/android/tools/idea/gradle/run/OutputBuildAction
Event: 3.580 loading class com/android/tools/idea/gradle/run/OutputBuildAction done


Dynamic libraries:
0x000000013f8c0000 - 0x000000013f8f1000 	C:\Program Files\Android\Android Studio\jre\bin\java.exe
0x0000000077220000 - 0x00000000773c9000 	C:\Windows\SYSTEM32\ntdll.dll
0x0000000077100000 - 0x000000007721f000 	C:\Windows\system32\kernel32.dll
0x000007fefd490000 - 0x000007fefd4fb000 	C:\Windows\system32\KERNELBASE.dll
0x000007fefe8c0000 - 0x000007fefe99b000 	C:\Windows\system32\ADVAPI32.dll
0x000007fefeff0000 - 0x000007feff08f000 	C:\Windows\system32\msvcrt.dll
0x000007feff170000 - 0x000007feff18f000 	C:\Windows\SYSTEM32\sechost.dll
0x000007fefec60000 - 0x000007fefed8d000 	C:\Windows\system32\RPCRT4.dll
0x0000000077000000 - 0x00000000770fa000 	C:\Windows\system32\USER32.dll
0x000007fefe520000 - 0x000007fefe587000 	C:\Windows\system32\GDI32.dll
0x000007feff210000 - 0x000007feff21e000 	C:\Windows\system32\LPK.dll
0x000007feff0a0000 - 0x000007feff169000 	C:\Windows\system32\USP10.dll
0x000007fefb830000 - 0x000007fefba24000 	C:\Windows\WinSxS\amd64_microsoft.windows.common-controls_6595b64144ccf1df_6.0.7601.17514_none_fa396087175ac9ac\COMCTL32.dll
0x000007fefebe0000 - 0x000007fefec51000 	C:\Windows\system32\SHLWAPI.dll
0x000007fefd540000 - 0x000007fefd56e000 	C:\Windows\system32\IMM32.DLL
0x000007fefe630000 - 0x000007fefe739000 	C:\Windows\system32\MSCTF.dll
0x000000006ab60000 - 0x000000006ac32000 	C:\Program Files\Android\Android Studio\jre\jre\bin\msvcr100.dll
0x000000006ac40000 - 0x000000006b481000 	C:\Program Files\Android\Android Studio\jre\jre\bin\server\jvm.dll
0x000007feefa70000 - 0x000007feefa79000 	C:\Windows\system32\WSOCK32.dll
0x000007fefd740000 - 0x000007fefd78d000 	C:\Windows\system32\WS2_32.dll
0x000007feff090000 - 0x000007feff098000 	C:\Windows\system32\NSI.dll
0x000007fef5620000 - 0x000007fef565b000 	C:\Windows\system32\WINMM.dll
0x000007fefc2d0000 - 0x000007fefc2dc000 	C:\Windows\system32\VERSION.dll
0x00000000773e0000 - 0x00000000773e7000 	C:\Windows\system32\PSAPI.DLL
0x000007fef5690000 - 0x000007fef569f000 	C:\Program Files\Android\Android Studio\jre\jre\bin\verify.dll
0x000007fef3fe0000 - 0x000007fef4009000 	C:\Program Files\Android\Android Studio\jre\jre\bin\java.dll
0x000007fef3f60000 - 0x000007fef3f76000 	C:\Program Files\Android\Android Studio\jre\jre\bin\zip.dll
0x000007fefd790000 - 0x000007fefe518000 	C:\Windows\system32\SHELL32.dll
0x000007feff320000 - 0x000007feff523000 	C:\Windows\system32\ole32.dll
0x000007fefd170000 - 0x000007fefd17f000 	C:\Windows\system32\profapi.dll
0x000007fef3eb0000 - 0x000007fef3eca000 	C:\Program Files\Android\Android Studio\jre\jre\bin\net.dll
0x000007fefc9e0000 - 0x000007fefca35000 	C:\Windows\system32\mswsock.dll
0x000007fefc9d0000 - 0x000007fefc9d7000 	C:\Windows\System32\wship6.dll
0x000007fef37a0000 - 0x000007fef37b1000 	C:\Program Files\Android\Android Studio\jre\jre\bin\nio.dll
0x000007fef3f90000 - 0x000007fef3fae000 	C:\Users\ACER\.gradle\native\25\windows-amd64\native-platform.dll
0x000007fef56a0000 - 0x000007fef56ad000 	C:\Program Files\Android\Android Studio\jre\jre\bin\management.dll
0x000007fefca40000 - 0x000007fefca57000 	C:\Windows\system32\CRYPTSP.dll
0x000007fefc740000 - 0x000007fefc787000 	C:\Windows\system32\rsaenh.dll
0x000007fefc4b0000 - 0x000007fefc4ce000 	C:\Windows\system32\USERENV.dll
0x000007fefd0a0000 - 0x000007fefd0af000 	C:\Windows\system32\CRYPTBASE.dll
0x000007fefa760000 - 0x000007fefa787000 	C:\Windows\system32\IPHLPAPI.DLL
0x000007fefa750000 - 0x000007fefa75b000 	C:\Windows\system32\WINNSI.DLL
0x000007fefa560000 - 0x000007fefa578000 	C:\Windows\system32\dhcpcsvc.DLL
0x000007fefa540000 - 0x000007fefa551000 	C:\Windows\system32\dhcpcsvc6.DLL

VM Arguments:
jvm_args: -Xmx1536m -Dfile.encoding=windows-1252 -Duser.country=BR -Duser.language=pt -Duser.variant 
java_command: org.gradle.launcher.daemon.bootstrap.GradleDaemon 4.6
java_class_path (initial): C:\Users\ACER\.gradle\wrapper\dists\gradle-4.6-all\bcst21l2brirad8k2ben1letg\gradle-4.6\lib\gradle-launcher-4.6.jar
Launcher Type: SUN_STANDARD

Environment Variables:
PATH=C:\Program Files (x86)\Falcon\MinGW\bin;C:\Windows\system32;C:\Windows;C:\Windows\System32\Wbem;C:\Windows\System32\WindowsPowerShell\v1.0\;C:\Program Files\Git\cmd
USERNAME=ACER
OS=Windows_NT
PROCESSOR_IDENTIFIER=Intel64 Family 6 Model 58 Stepping 9, GenuineIntel



---------------  S Y S T E M  ---------------

OS: Windows 7 , 64 bit Build 7601 (6.1.7601.17514)

CPU:total 4 (initial active 4) (2 cores per cpu, 2 threads per core) family 6 model 58 stepping 9, cmov, cx8, fxsr, mmx, sse, sse2, sse3, ssse3, sse4.1, sse4.2, popcnt, avx, aes, clmul, erms, ht, tsc, tscinvbit, tscinv

Memory: 4k page, physical 6104428k(621260k free), swap 6522420k(6880k free)

vm_info: OpenJDK 64-Bit Server VM (25.152-b06) for windows-amd64 JRE (1.8.0_152-release-1136-b06), built by "builder" with MS VC++ 10.0 (VS2010)

time: Sun Feb 03 11:27:35 2019
elapsed time: 3 seconds (0d 0h 0m 3s)

