#
# There is insufficient memory for the Java Runtime Environment to continue.
# Native memory allocation (malloc) failed to allocate 32744 bytes for ChunkPool::allocate
# Possible reasons:
#   The system is out of physical RAM or swap space
#   In 32 bit mode, the process size limit was hit
# Possible solutions:
#   Reduce memory load on the system
#   Increase physical memory or swap space
#   Check if swap backing store is full
#   Use 64 bit Java on a 64 bit OS
#   Decrease Java heap size (-Xmx/-Xms)
#   Decrease number of Java threads
#   Decrease Java thread stack sizes (-Xss)
#   Set larger code cache with -XX:ReservedCodeCacheSize=
# This output file may be truncated or incomplete.
#
#  Out of Memory Error (allocation.cpp:273), pid=4932, tid=0x0000000000001598
#
# JRE version: OpenJDK Runtime Environment (8.0_152-b06) (build 1.8.0_152-release-1136-b06)
# Java VM: OpenJDK 64-Bit Server VM (25.152-b06 mixed mode windows-amd64 compressed oops)
# Failed to write core dump. Minidumps are not enabled by default on client versions of Windows
#

---------------  T H R E A D  ---------------

Current thread (0x000000005607f000):  JavaThread "C2 CompilerThread0" daemon [_thread_in_native, id=5528, stack(0x0000000057880000,0x0000000057980000)]

Stack: [0x0000000057880000,0x0000000057980000]
[error occurred during error reporting (printing stack bounds), id 0xc0000005]

Native frames: (J=compiled Java code, j=interpreted, Vv=VM code, C=native code)


Current CompileTask:
C2:   2727 1316       4       java.net.URLClassLoader$1::run (5 bytes)


---------------  P R O C E S S  ---------------

Java Threads: ( => current thread )
  0x0000000059dc0000 JavaThread "Cache worker for file hash cache (C:\Users\ACER\Downloads\AppEstudos-master\AppEstudos\.gradle\4.6\fileHashes)" [_thread_blocked, id=2288, stack(0x000000005c170000,0x000000005c270000)]
  0x00000000599d4800 JavaThread "File lock request listener" [_thread_in_native, id=1100, stack(0x000000005af70000,0x000000005b070000)]
  0x0000000059aec800 JavaThread "Cache worker for file hash cache (C:\Users\ACER\.gradle\caches\4.6\fileHashes)" [_thread_blocked, id=1376, stack(0x000000005aaa0000,0x000000005aba0000)]
  0x000000005988a800 JavaThread "Stdin handler" [_thread_blocked, id=6048, stack(0x000000005abd0000,0x000000005acd0000)]
  0x000000005988a000 JavaThread "Asynchronous log dispatcher for DefaultDaemonConnection: socket connection from /127.0.0.1:52414 to /127.0.0.1:52415" [_thread_blocked, id=5544, stack(0x000000005a930000,0x000000005aa30000)]
  0x0000000059881000 JavaThread "Daemon worker" [_thread_in_vm, id=1888, stack(0x000000005a7f0000,0x000000005a8f0000)]
  0x0000000059880000 JavaThread "Cancel handler" [_thread_blocked, id=3172, stack(0x000000005a5f0000,0x000000005a6f0000)]
  0x00000000597f7000 JavaThread "Handler for socket connection from /127.0.0.1:52414 to /127.0.0.1:52415" [_thread_in_native, id=5352, stack(0x0000000057480000,0x0000000057580000)]
  0x00000000597f6000 JavaThread "Daemon" [_thread_blocked, id=4620, stack(0x0000000058150000,0x0000000058250000)]
  0x000000005970c000 JavaThread "Daemon periodic checks" [_thread_blocked, id=6080, stack(0x000000005a2f0000,0x000000005a3f0000)]
  0x000000005964f000 JavaThread "Incoming local TCP Connector on port 52414" [_thread_in_native, id=6016, stack(0x0000000058c80000,0x0000000058d80000)]
  0x0000000057bf1000 JavaThread "Service Thread" daemon [_thread_blocked, id=3540, stack(0x0000000058270000,0x0000000058370000)]
  0x0000000056075800 JavaThread "C1 CompilerThread2" daemon [_thread_blocked, id=4908, stack(0x0000000058040000,0x0000000058140000)]
  0x0000000056074800 JavaThread "C2 CompilerThread1" daemon [_thread_in_native, id=5988, stack(0x0000000057a70000,0x0000000057b70000)]
=>0x000000005607f000 JavaThread "C2 CompilerThread0" daemon [_thread_in_native, id=5528, stack(0x0000000057880000,0x0000000057980000)]
  0x000000005607b000 JavaThread "Attach Listener" daemon [_thread_blocked, id=5788, stack(0x0000000057250000,0x0000000057350000)]
  0x0000000056079800 JavaThread "Signal Dispatcher" daemon [_thread_blocked, id=5996, stack(0x0000000057750000,0x0000000057850000)]
  0x0000000056058000 JavaThread "Finalizer" daemon [_thread_blocked, id=5924, stack(0x0000000057580000,0x0000000057680000)]
  0x0000000056010800 JavaThread "Reference Handler" daemon [_thread_blocked, id=3824, stack(0x0000000057360000,0x0000000057460000)]
  0x00000000020fe000 JavaThread "main" [_thread_blocked, id=4600, stack(0x0000000002270000,0x0000000002370000)]

Other Threads:
  0x0000000056009000 VMThread [stack: 0x0000000057110000,0x0000000057210000] [id=5768]
  0x0000000057bf2000 WatcherThread [stack: 0x0000000058380000,0x0000000058480000] [id=5036]

VM state:not at safepoint (normal execution)

VM Mutex/Monitor currently owned by a thread: None

Heap:
 PSYoungGen      total 52736K, used 31291K [0x00000000e0000000, 0x00000000e6700000, 0x0000000100000000)
  eden space 49152K, 56% used [0x00000000e0000000,0x00000000e1b16f38,0x00000000e3000000)
  from space 3584K, 99% used [0x00000000e3000000,0x00000000e3378020,0x00000000e3380000)
  to   space 3584K, 0% used [0x00000000e6380000,0x00000000e6380000,0x00000000e6700000)
 ParOldGen       total 64512K, used 5291K [0x00000000a0000000, 0x00000000a3f00000, 0x00000000e0000000)
  object space 64512K, 8% used [0x00000000a0000000,0x00000000a052ada8,0x00000000a3f00000)
 Metaspace       used 16705K, capacity 17120K, committed 17152K, reserved 1064960K
  class space    used 2402K, capacity 2544K, committed 2560K, reserved 1048576K

Card table byte_map: [0x0000000011a00000,0x0000000011d10000] byte_map_base: 0x0000000011500000

Marking Bits: (ParMarkBitMap*) 0x000000006b405aa0
 Begin Bits: [0x0000000012380000, 0x0000000013b80000)
 End Bits:   [0x0000000013b80000, 0x0000000015380000)

Polling page: 0x0000000000190000

CodeCache: size=245760Kb used=5068Kb max_used=5068Kb free=240691Kb
 bounds [0x0000000002640000, 0x0000000002b40000, 0x0000000011640000]
 total_blobs=1859 nmethods=1485 adapters=287
 compilation: enabled

Compilation events (10 events):
Event: 2.705 Thread 0x0000000056075800 1487       3       sun.misc.ProxyGenerator::code_ipush (90 bytes)
Event: 2.706 Thread 0x0000000056075800 nmethod 1487 0x0000000002b2fc90 code [0x0000000002b2fee0, 0x0000000002b30f28]
Event: 2.707 Thread 0x0000000056075800 1488       3       sun.misc.ProxyGenerator$ConstantPool::getString (21 bytes)
Event: 2.707 Thread 0x0000000056075800 nmethod 1488 0x0000000002b31510 code [0x0000000002b316c0, 0x0000000002b31bc8]
Event: 2.707 Thread 0x0000000056075800 1489       3       sun.misc.ProxyGenerator::code_ldc (64 bytes)
Event: 2.708 Thread 0x0000000056075800 nmethod 1489 0x0000000002b31e90 code [0x0000000002b320a0, 0x0000000002b32c88]
Event: 2.708 Thread 0x0000000056075800 1490       3       java.util.concurrent.locks.AbstractOwnableSynchronizer::setExclusiveOwnerThread (6 bytes)
Event: 2.708 Thread 0x0000000056075800 nmethod 1490 0x0000000002b33110 code [0x0000000002b33260, 0x0000000002b333d0]
Event: 2.712 Thread 0x0000000056075800 1491       3       sun.reflect.NativeMethodAccessorImpl::invoke (104 bytes)
Event: 2.715 Thread 0x0000000056075800 nmethod 1491 0x0000000002b33850 code [0x0000000002b33ac0, 0x0000000002b34ef8]

GC Heap History (6 events):
Event: 0.743 GC heap before
{Heap before GC invocations=1 (full 0):
 PSYoungGen      total 28160K, used 24576K [0x00000000e0000000, 0x00000000e1f00000, 0x0000000100000000)
  eden space 24576K, 100% used [0x00000000e0000000,0x00000000e1800000,0x00000000e1800000)
  from space 3584K, 0% used [0x00000000e1b80000,0x00000000e1b80000,0x00000000e1f00000)
  to   space 3584K, 0% used [0x00000000e1800000,0x00000000e1800000,0x00000000e1b80000)
 ParOldGen       total 64512K, used 0K [0x00000000a0000000, 0x00000000a3f00000, 0x00000000e0000000)
  object space 64512K, 0% used [0x00000000a0000000,0x00000000a0000000,0x00000000a3f00000)
 Metaspace       used 6928K, capacity 7122K, committed 7424K, reserved 1056768K
  class space    used 846K, capacity 911K, committed 1024K, reserved 1048576K
Event: 0.751 GC heap after
Heap after GC invocations=1 (full 0):
 PSYoungGen      total 28160K, used 3573K [0x00000000e0000000, 0x00000000e3700000, 0x0000000100000000)
  eden space 24576K, 0% used [0x00000000e0000000,0x00000000e0000000,0x00000000e1800000)
  from space 3584K, 99% used [0x00000000e1800000,0x00000000e1b7d6b8,0x00000000e1b80000)
  to   space 3584K, 0% used [0x00000000e3380000,0x00000000e3380000,0x00000000e3700000)
 ParOldGen       total 64512K, used 568K [0x00000000a0000000, 0x00000000a3f00000, 0x00000000e0000000)
  object space 64512K, 0% used [0x00000000a0000000,0x00000000a008e008,0x00000000a3f00000)
 Metaspace       used 6928K, capacity 7122K, committed 7424K, reserved 1056768K
  class space    used 846K, capacity 911K, committed 1024K, reserved 1048576K
}
Event: 1.058 GC heap before
{Heap before GC invocations=2 (full 0):
 PSYoungGen      total 28160K, used 28149K [0x00000000e0000000, 0x00000000e3700000, 0x0000000100000000)
  eden space 24576K, 100% used [0x00000000e0000000,0x00000000e1800000,0x00000000e1800000)
  from space 3584K, 99% used [0x00000000e1800000,0x00000000e1b7d6b8,0x00000000e1b80000)
  to   space 3584K, 0% used [0x00000000e3380000,0x00000000e3380000,0x00000000e3700000)
 ParOldGen       total 64512K, used 568K [0x00000000a0000000, 0x00000000a3f00000, 0x00000000e0000000)
  object space 64512K, 0% used [0x00000000a0000000,0x00000000a008e008,0x00000000a3f00000)
 Metaspace       used 7256K, capacity 7436K, committed 7680K, reserved 1056768K
  class space    used 906K, capacity 952K, committed 1024K, reserved 1048576K
Event: 1.077 GC heap after
Heap after GC invocations=2 (full 0):
 PSYoungGen      total 52736K, used 2917K [0x00000000e0000000, 0x00000000e3700000, 0x0000000100000000)
  eden space 49152K, 0% used [0x00000000e0000000,0x00000000e0000000,0x00000000e3000000)
  from space 3584K, 81% used [0x00000000e3380000,0x00000000e3659648,0x00000000e3700000)
  to   space 3584K, 0% used [0x00000000e3000000,0x00000000e3000000,0x00000000e3380000)
 ParOldGen       total 64512K, used 576K [0x00000000a0000000, 0x00000000a3f00000, 0x00000000e0000000)
  object space 64512K, 0% used [0x00000000a0000000,0x00000000a0090008,0x00000000a3f00000)
 Metaspace       used 7256K, capacity 7436K, committed 7680K, reserved 1056768K
  class space    used 906K, capacity 952K, committed 1024K, reserved 1048576K
}
Event: 2.197 GC heap before
{Heap before GC invocations=3 (full 0):
 PSYoungGen      total 52736K, used 52069K [0x00000000e0000000, 0x00000000e3700000, 0x0000000100000000)
  eden space 49152K, 100% used [0x00000000e0000000,0x00000000e3000000,0x00000000e3000000)
  from space 3584K, 81% used [0x00000000e3380000,0x00000000e3659648,0x00000000e3700000)
  to   space 3584K, 0% used [0x00000000e3000000,0x00000000e3000000,0x00000000e3380000)
 ParOldGen       total 64512K, used 576K [0x00000000a0000000, 0x00000000a3f00000, 0x00000000e0000000)
  object space 64512K, 0% used [0x00000000a0000000,0x00000000a0090008,0x00000000a3f00000)
 Metaspace       used 14090K, capacity 14432K, committed 14720K, reserved 1062912K
  class space    used 1971K, capacity 2096K, committed 2176K, reserved 1048576K
Event: 2.208 GC heap after
Heap after GC invocations=3 (full 0):
 PSYoungGen      total 52736K, used 3552K [0x00000000e0000000, 0x00000000e6700000, 0x0000000100000000)
  eden space 49152K, 0% used [0x00000000e0000000,0x00000000e0000000,0x00000000e3000000)
  from space 3584K, 99% used [0x00000000e3000000,0x00000000e3378020,0x00000000e3380000)
  to   space 3584K, 0% used [0x00000000e6380000,0x00000000e6380000,0x00000000e6700000)
 ParOldGen       total 64512K, used 5291K [0x00000000a0000000, 0x00000000a3f00000, 0x00000000e0000000)
  object space 64512K, 8% used [0x00000000a0000000,0x00000000a052ada8,0x00000000a3f00000)
 Metaspace       used 14090K, capacity 14432K, committed 14720K, reserved 1062912K
  class space    used 1971K, capacity 2096K, committed 2176K, reserved 1048576K
}

Deoptimization events (10 events):
Event: 1.439 Thread 0x00000000020fe000 Uncommon trap: reason=unstable_if action=reinterpret pc=0x000000000295f494 method=java.io.WinNTFileSystem.normalize(Ljava/lang/String;II)Ljava/lang/String; @ 90
Event: 1.805 Thread 0x00000000597f7000 Uncommon trap: reason=unstable_if action=reinterpret pc=0x0000000002a2195c method=java.util.concurrent.ConcurrentHashMap.putVal(Ljava/lang/Object;Ljava/lang/Object;Z)Ljava/lang/Object; @ 206
Event: 1.893 Thread 0x0000000059881000 Uncommon trap: reason=bimorphic action=maybe_recompile pc=0x00000000029721bc method=java.util.HashMap.putVal(ILjava/lang/Object;Ljava/lang/Object;ZZ)Ljava/lang/Object; @ 253
Event: 1.893 Thread 0x0000000059881000 Uncommon trap: reason=bimorphic action=maybe_recompile pc=0x00000000029721bc method=java.util.HashMap.putVal(ILjava/lang/Object;Ljava/lang/Object;ZZ)Ljava/lang/Object; @ 253
Event: 1.893 Thread 0x0000000059881000 Uncommon trap: reason=bimorphic action=maybe_recompile pc=0x00000000029721bc method=java.util.HashMap.putVal(ILjava/lang/Object;Ljava/lang/Object;ZZ)Ljava/lang/Object; @ 253
Event: 2.121 Thread 0x0000000059881000 Uncommon trap: reason=class_check action=maybe_recompile pc=0x00000000028b8490 method=java.util.regex.Matcher.match(II)Z @ 86
Event: 2.121 Thread 0x0000000059881000 Uncommon trap: reason=class_check action=maybe_recompile pc=0x00000000028b8490 method=java.util.regex.Matcher.match(II)Z @ 86
Event: 2.638 Thread 0x0000000059881000 Uncommon trap: reason=unstable_if action=reinterpret pc=0x0000000002796348 method=java.net.URI.match(CJJ)Z @ 19
Event: 2.638 Thread 0x0000000059881000 Uncommon trap: reason=unstable_if action=reinterpret pc=0x00000000028dc3b0 method=java.net.URI.match(CJJ)Z @ 19
Event: 2.710 Thread 0x0000000059881000 Uncommon trap: reason=unstable_if action=reinterpret pc=0x00000000028db884 method=java.io.File.getName()Ljava/lang/String; @ 16

Classes redefined (0 events):
No events

Internal exceptions (10 events):
Event: 1.825 Thread 0x00000000597f7000 Exception <a 'java/lang/NoSuchMethodError': <clinit>> (0x00000000e132aee0) thrown at [D:\src\AOSP-openjdk-cygwin\jdk8u\hotspot\src\share\vm\prims\jni.cpp, line 1613]
Event: 1.827 Thread 0x00000000597f7000 Exception <a 'java/lang/NoSuchMethodError': <clinit>> (0x00000000e133c548) thrown at [D:\src\AOSP-openjdk-cygwin\jdk8u\hotspot\src\share\vm\prims\jni.cpp, line 1613]
Event: 1.843 Thread 0x00000000597f7000 Exception <a 'java/lang/NoSuchMethodError': <clinit>> (0x00000000e13b0398) thrown at [D:\src\AOSP-openjdk-cygwin\jdk8u\hotspot\src\share\vm\prims\jni.cpp, line 1613]
Event: 1.850 Thread 0x00000000597f7000 Exception <a 'java/lang/NoSuchMethodError': <clinit>> (0x00000000e13d56a8) thrown at [D:\src\AOSP-openjdk-cygwin\jdk8u\hotspot\src\share\vm\prims\jni.cpp, line 1613]
Event: 1.856 Thread 0x00000000597f7000 Exception <a 'java/lang/NoSuchMethodError': <clinit>> (0x00000000e1401088) thrown at [D:\src\AOSP-openjdk-cygwin\jdk8u\hotspot\src\share\vm\prims\jni.cpp, line 1613]
Event: 1.857 Thread 0x00000000597f7000 Exception <a 'java/lang/NoSuchMethodError': <clinit>> (0x00000000e140c428) thrown at [D:\src\AOSP-openjdk-cygwin\jdk8u\hotspot\src\share\vm\prims\jni.cpp, line 1613]
Event: 1.859 Thread 0x00000000597f7000 Exception <a 'java/lang/NoSuchMethodError': <clinit>> (0x00000000e1417cb8) thrown at [D:\src\AOSP-openjdk-cygwin\jdk8u\hotspot\src\share\vm\prims\jni.cpp, line 1613]
Event: 1.863 Thread 0x00000000597f7000 Exception <a 'java/lang/NoSuchMethodError': <clinit>> (0x00000000e1438dd8) thrown at [D:\src\AOSP-openjdk-cygwin\jdk8u\hotspot\src\share\vm\prims\jni.cpp, line 1613]
Event: 1.883 Thread 0x0000000059881000 Exception <a 'java/lang/NoSuchMethodError': <clinit>> (0x00000000e1548d58) thrown at [D:\src\AOSP-openjdk-cygwin\jdk8u\hotspot\src\share\vm\prims\jni.cpp, line 1613]
Event: 1.884 Thread 0x0000000059881000 Exception <a 'java/lang/NoSuchMethodError': <clinit>> (0x00000000e1550fe0) thrown at [D:\src\AOSP-openjdk-cygwin\jdk8u\hotspot\src\share\vm\prims\jni.cpp, line 1613]

Events (10 events):
Event: 2.721 loading class org/gradle/tooling/internal/protocol/events/InternalFailureResult
Event: 2.721 loading class org/gradle/tooling/internal/protocol/events/InternalFailureResult done
Event: 2.721 loading class org/gradle/tooling/internal/provider/runner/TestIgnoringBuildOperationListener
Event: 2.721 loading class org/gradle/tooling/internal/provider/runner/TestIgnoringBuildOperationListener done
Event: 2.722 loading class org/gradle/tooling/internal/provider/runner/ClientForwardingBuildOperationListener
Event: 2.722 loading class org/gradle/tooling/internal/provider/runner/ClientForwardingBuildOperationListener done
Event: 2.723 loading class org/gradle/tooling/internal/provider/events/AbstractOperationResult
Event: 2.723 loading class org/gradle/tooling/internal/provider/events/AbstractOperationResult done
Event: 2.724 loading class org/gradle/tooling/internal/provider/events/DefaultFailureResult
Event: 2.724 loading class org/gradle/tooling/internal/provider/events/DefaultFailureResult done


Dynamic libraries:
0x000000013fd10000 - 0x000000013fd41000 	C:\Program Files\Android\Android Studio\jre\bin\java.exe
0x0000000077220000 - 0x00000000773c9000 	C:\Windows\SYSTEM32\ntdll.dll
0x0000000077100000 - 0x000000007721f000 	C:\Windows\system32\kernel32.dll
0x000007fefd490000 - 0x000007fefd4fb000 	C:\Windows\system32\KERNELBASE.dll
0x000007fefe8c0000 - 0x000007fefe99b000 	C:\Windows\system32\ADVAPI32.dll
0x000007fefeff0000 - 0x000007feff08f000 	C:\Windows\system32\msvcrt.dll
0x000007feff170000 - 0x000007feff18f000 	C:\Windows\SYSTEM32\sechost.dll
0x000007fefec60000 - 0x000007fefed8d000 	C:\Windows\system32\RPCRT4.dll
0x0000000077000000 - 0x00000000770fa000 	C:\Windows\system32\USER32.dll
0x000007fefe520000 - 0x000007fefe587000 	C:\Windows\system32\GDI32.dll
0x000007feff210000 - 0x000007feff21e000 	C:\Windows\system32\LPK.dll
0x000007feff0a0000 - 0x000007feff169000 	C:\Windows\system32\USP10.dll
0x000007fefb830000 - 0x000007fefba24000 	C:\Windows\WinSxS\amd64_microsoft.windows.common-controls_6595b64144ccf1df_6.0.7601.17514_none_fa396087175ac9ac\COMCTL32.dll
0x000007fefebe0000 - 0x000007fefec51000 	C:\Windows\system32\SHLWAPI.dll
0x000007fefd540000 - 0x000007fefd56e000 	C:\Windows\system32\IMM32.DLL
0x000007fefe630000 - 0x000007fefe739000 	C:\Windows\system32\MSCTF.dll
0x000000006ab60000 - 0x000000006ac32000 	C:\Program Files\Android\Android Studio\jre\jre\bin\msvcr100.dll
0x000000006ac40000 - 0x000000006b481000 	C:\Program Files\Android\Android Studio\jre\jre\bin\server\jvm.dll
0x000007feefa70000 - 0x000007feefa79000 	C:\Windows\system32\WSOCK32.dll
0x000007fefd740000 - 0x000007fefd78d000 	C:\Windows\system32\WS2_32.dll
0x000007feff090000 - 0x000007feff098000 	C:\Windows\system32\NSI.dll
0x000007fef5620000 - 0x000007fef565b000 	C:\Windows\system32\WINMM.dll
0x000007fefc2d0000 - 0x000007fefc2dc000 	C:\Windows\system32\VERSION.dll
0x00000000773e0000 - 0x00000000773e7000 	C:\Windows\system32\PSAPI.DLL
0x000007fef5690000 - 0x000007fef569f000 	C:\Program Files\Android\Android Studio\jre\jre\bin\verify.dll
0x000007fef3fe0000 - 0x000007fef4009000 	C:\Program Files\Android\Android Studio\jre\jre\bin\java.dll
0x000007fef3f60000 - 0x000007fef3f76000 	C:\Program Files\Android\Android Studio\jre\jre\bin\zip.dll
0x000007fefd790000 - 0x000007fefe518000 	C:\Windows\system32\SHELL32.dll
0x000007feff320000 - 0x000007feff523000 	C:\Windows\system32\ole32.dll
0x000007fefd170000 - 0x000007fefd17f000 	C:\Windows\system32\profapi.dll
0x000007fef3eb0000 - 0x000007fef3eca000 	C:\Program Files\Android\Android Studio\jre\jre\bin\net.dll
0x000007fefc9e0000 - 0x000007fefca35000 	C:\Windows\system32\mswsock.dll
0x000007fefc9d0000 - 0x000007fefc9d7000 	C:\Windows\System32\wship6.dll
0x000007fef37a0000 - 0x000007fef37b1000 	C:\Program Files\Android\Android Studio\jre\jre\bin\nio.dll
0x000007fef3f90000 - 0x000007fef3fae000 	C:\Users\ACER\.gradle\native\25\windows-amd64\native-platform.dll
0x000007fef56a0000 - 0x000007fef56ad000 	C:\Program Files\Android\Android Studio\jre\jre\bin\management.dll
0x000007fefca40000 - 0x000007fefca57000 	C:\Windows\system32\CRYPTSP.dll
0x000007fefc740000 - 0x000007fefc787000 	C:\Windows\system32\rsaenh.dll
0x000007fefc4b0000 - 0x000007fefc4ce000 	C:\Windows\system32\USERENV.dll
0x000007fefd0a0000 - 0x000007fefd0af000 	C:\Windows\system32\CRYPTBASE.dll
0x000007fefa760000 - 0x000007fefa787000 	C:\Windows\system32\IPHLPAPI.DLL
0x000007fefa750000 - 0x000007fefa75b000 	C:\Windows\system32\WINNSI.DLL
0x000007fefa560000 - 0x000007fefa578000 	C:\Windows\system32\dhcpcsvc.DLL
0x000007fefa540000 - 0x000007fefa551000 	C:\Windows\system32\dhcpcsvc6.DLL

VM Arguments:
jvm_args: -Xmx1536m -Dfile.encoding=windows-1252 -Duser.country=BR -Duser.language=pt -Duser.variant 
java_command: org.gradle.launcher.daemon.bootstrap.GradleDaemon 4.6
java_class_path (initial): C:\Users\ACER\.gradle\wrapper\dists\gradle-4.6-all\bcst21l2brirad8k2ben1letg\gradle-4.6\lib\gradle-launcher-4.6.jar
Launcher Type: SUN_STANDARD

Environment Variables:
PATH=C:\Program Files (x86)\Falcon\MinGW\bin;C:\Windows\system32;C:\Windows;C:\Windows\System32\Wbem;C:\Windows\System32\WindowsPowerShell\v1.0\;C:\Program Files\Git\cmd
USERNAME=ACER
OS=Windows_NT
PROCESSOR_IDENTIFIER=Intel64 Family 6 Model 58 Stepping 9, GenuineIntel



---------------  S Y S T E M  ---------------

OS: Windows 7 , 64 bit Build 7601 (6.1.7601.17514)

CPU:total 4 (initial active 4) (2 cores per cpu, 2 threads per core) family 6 model 58 stepping 9, cmov, cx8, fxsr, mmx, sse, sse2, sse3, ssse3, sse4.1, sse4.2, popcnt, avx, aes, clmul, erms, ht, tsc, tscinvbit, tscinv

Memory: 4k page, physical 6104428k(619640k free), swap 6522420k(5108k free)

vm_info: OpenJDK 64-Bit Server VM (25.152-b06) for windows-amd64 JRE (1.8.0_152-release-1136-b06), built by "builder" with MS VC++ 10.0 (VS2010)

time: Sun Feb 03 11:28:14 2019
elapsed time: 2 seconds (0d 0h 0m 2s)

